build/outputs/logs/manifest-merger-debug-report.txt
-- Merging decision tree log ---
manifest
ADDED from src/main/AndroidManifest.xml:2:1-32:12
	package
		ADDED from src/main/AndroidManifest.xml:2:70-98
		INJECTED from src/main/AndroidManifest.xml
		INJECTED from src/main/AndroidManifest.xml
	android:versionName
		ADDED from src/main/AndroidManifest.xml:2:99-124
		INJECTED from src/main/AndroidManifest.xml
		INJECTED from src/main/AndroidManifest.xml
	android:versionCode
		ADDED from src/main/AndroidManifest.xml:2:125-148
		INJECTED from src/main/AndroidManifest.xml
		INJECTED from src/main/AndroidManifest.xml
	xmlns:android
		ADDED from src/main/AndroidManifest.xml:2:11-69
	android:installLocation
		ADDED from src/main/AndroidManifest.xml:2:149-189
uses-sdk
ADDED from src/main/AndroidManifest.xml:3:3-72
MERGED from [:android_component:] AndroidManifest.xml:7:5-9:41
MERGED from [:core-1.1.0:] AndroidManifest.xml:25:5-44
MERGED from [:core-1.1.0:] AndroidManifest.xml:26:5-47
MERGED from [:unity_android_bridge:] AndroidManifest.xml:8:5-10:41
	android:targetSdkVersion
		ADDED from src/main/AndroidManifest.xml:3:40-69
		INJECTED from src/main/AndroidManifest.xml
		INJECTED from src/main/AndroidManifest.xml
	android:minSdkVersion
		ADDED from src/main/AndroidManifest.xml:3:13-39
		MERGED from src/main/AndroidManifest.xml:3:13-39
uses-permission#android.permission.CAMERA
ADDED from src/main/AndroidManifest.xml:5:3-63
	android:name
		ADDED from src/main/AndroidManifest.xml:5:20-60
uses-permission#android.permission.WRITE_EXTERNAL_STORAGE
ADDED from src/main/AndroidManifest.xml:6:3-79
	android:name
		ADDED from src/main/AndroidManifest.xml:6:20-76
uses-permission#android.permission.INTERNET
ADDED from src/main/AndroidManifest.xml:7:3-65
	android:name
		ADDED from src/main/AndroidManifest.xml:7:20-62
uses-feature#0x00020000
ADDED from src/main/AndroidManifest.xml:9:3-76
	android:glEsVersion
		ADDED from src/main/AndroidManifest.xml:9:17-49
	android:required
		ADDED from src/main/AndroidManifest.xml:9:50-73
uses-feature#android.hardware.camera
ADDED from src/main/AndroidManifest.xml:11:3-82
	android:required
		ADDED from src/main/AndroidManifest.xml:11:56-79
	android:name
		ADDED from src/main/AndroidManifest.xml:11:17-55
supports-screens
ADDED from src/main/AndroidManifest.xml:13:3-164
	android:largeScreens
		ADDED from src/main/AndroidManifest.xml:13:47-74
	android:smallScreens
		ADDED from src/main/AndroidManifest.xml:13:104-132
	android:normalScreens
		ADDED from src/main/AndroidManifest.xml:13:75-103
	android:xlargeScreens
		ADDED from src/main/AndroidManifest.xml:13:133-161
	android:anyDensity
		ADDED from src/main/AndroidManifest.xml:13:21-46
application
ADDED from src/main/AndroidManifest.xml:14:3-26:17
MERGED from [:core-1.1.0:] AndroidManifest.xml:28:5-42:19
	android:label
		ADDED from src/main/AndroidManifest.xml:14:16-48
	android:icon
		ADDED from src/main/AndroidManifest.xml:14:49-82
	android:banner
		ADDED from src/main/AndroidManifest.xml:14:105-142
	android:isGame
		ADDED from src/main/AndroidManifest.xml:14:83-104
activity#com.CAMT.AREasyOPD.UnityPlayerActivity
ADDED from src/main/AndroidManifest.xml:15:5-20:16
	android:screenOrientation
		ADDED from src/main/AndroidManifest.xml:15:15-53
	android:hardwareAccelerated
		ADDED from src/main/AndroidManifest.xml:15:268-303
	android:launchMode
		ADDED from src/main/AndroidManifest.xml:15:54-85
	android:configChanges
		ADDED from src/main/AndroidManifest.xml:15:86-267
	android:name
		ADDED from src/main/AndroidManifest.xml:15:304-357
intent-filter#android.intent.action.MAIN+android.intent.category.LAUNCHER
ADDED from src/main/AndroidManifest.xml:16:7-19:23
action#android.intent.action.MAIN
ADDED from src/main/AndroidManifest.xml:17:9-61
	android:name
		ADDED from src/main/AndroidManifest.xml:17:17-58
category#android.intent.category.LAUNCHER
ADDED from src/main/AndroidManifest.xml:18:9-69
	android:name
		ADDED from src/main/AndroidManifest.xml:18:19-66
meta-data#com.google.ar.core
ADDED from src/main/AndroidManifest.xml:21:5-77
	android:value
		ADDED from src/main/AndroidManifest.xml:21:50-74
	android:name
		ADDED from src/main/AndroidManifest.xml:21:16-49
meta-data#unity.build-id
ADDED from src/main/AndroidManifest.xml:22:5-101
	android:value
		ADDED from src/main/AndroidManifest.xml:22:46-98
	android:name
		ADDED from src/main/AndroidManifest.xml:22:16-45
meta-data#unity.splash-mode
ADDED from src/main/AndroidManifest.xml:23:5-69
	android:value
		ADDED from src/main/AndroidManifest.xml:23:49-66
	android:name
		ADDED from src/main/AndroidManifest.xml:23:16-48
meta-data#unity.splash-enable
ADDED from src/main/AndroidManifest.xml:24:5-74
	android:value
		ADDED from src/main/AndroidManifest.xml:24:51-71
	android:name
		ADDED from src/main/AndroidManifest.xml:24:16-50
meta-data#android.max_aspect
ADDED from src/main/AndroidManifest.xml:25:5-72
	android:value
		ADDED from src/main/AndroidManifest.xml:25:50-69
	android:name
		ADDED from src/main/AndroidManifest.xml:25:16-49
uses-feature#android.hardware.camera.autofocus
ADDED from src/main/AndroidManifest.xml:27:3-93
	android:required
		ADDED from src/main/AndroidManifest.xml:27:66-90
	android:name
		ADDED from src/main/AndroidManifest.xml:27:17-65
uses-feature#android.hardware.camera.front
ADDED from src/main/AndroidManifest.xml:28:3-89
	android:required
		ADDED from src/main/AndroidManifest.xml:28:62-86
	android:name
		ADDED from src/main/AndroidManifest.xml:28:17-61
uses-feature#android.hardware.touchscreen
ADDED from src/main/AndroidManifest.xml:29:3-88
	android:required
		ADDED from src/main/AndroidManifest.xml:29:61-85
	android:name
		ADDED from src/main/AndroidManifest.xml:29:17-60
uses-feature#android.hardware.touchscreen.multitouch
ADDED from src/main/AndroidManifest.xml:30:3-99
	android:required
		ADDED from src/main/AndroidManifest.xml:30:72-96
	android:name
		ADDED from src/main/AndroidManifest.xml:30:17-71
uses-feature#android.hardware.touchscreen.multitouch.distinct
ADDED from src/main/AndroidManifest.xml:31:3-108
	android:required
		ADDED from src/main/AndroidManifest.xml:31:81-105
	android:name
		ADDED from src/main/AndroidManifest.xml:31:17-80
activity#com.google.ar.core.InstallActivity
ADDED from [:core-1.1.0:] AndroidManifest.xml:31:9-37:80
	android:excludeFromRecents
		ADDED from [:core-1.1.0:] AndroidManifest.xml:34:13-46
	android:launchMode
		ADDED from [:core-1.1.0:] AndroidManifest.xml:36:13-43
	android:exported
		ADDED from [:core-1.1.0:] AndroidManifest.xml:35:13-37
	android:configChanges
		ADDED from [:core-1.1.0:] AndroidManifest.xml:33:13-74
	android:theme
		ADDED from [:core-1.1.0:] AndroidManifest.xml:37:13-77
	android:name
		ADDED from [:core-1.1.0:] AndroidManifest.xml:32:13-62
meta-data#com.google.ar.core.min_apk_version
ADDED from [:core-1.1.0:] AndroidManifest.xml:39:9-41:41
	android:value
		ADDED from [:core-1.1.0:] AndroidManifest.xml:41:13-38
	android:name
		ADDED from [:core-1.1.0:] AndroidManifest.xml:40:13-62